<?xml version="1.0" encoding="UTF-8" ?>
<testsuite tests="50" failures="1" name="TestSuite" time="0.877" errors="0" skipped="49">
  <properties>
[...]
</properties>
  <testcase classname="iPhone.AlertsTest" name="setUp" time="0.421">
    <failure type="java.lang.NullPointerException">java.lang.NullPointerException
	at common.Base.setUp(Base.java:45)
	at sun.reflect.NativeMethodAccessorImpl.invoke0(Native Method)
	at sun.reflect.NativeMethodAccessorImpl.invoke(NativeMethodAccessorImpl.java:62)
	at sun.reflect.DelegatingMethodAccessorImpl.invoke(DelegatingMethodAccessorImpl.java:43)
	at java.lang.reflect.Method.invoke(Method.java:498)
	at org.testng.internal.MethodInvocationHelper.invokeMethod(MethodInvocationHelper.java:85)
	at org.testng.internal.Invoker.invokeConfigurationMethod(Invoker.java:510)
	at org.testng.internal.Invoker.invokeConfigurations(Invoker.java:211)
	at org.testng.internal.Invoker.invokeMethod(Invoker.java:585)
	at org.testng.internal.Invoker.invokeTestMethod(Invoker.java:821)
	at org.testng.internal.Invoker.invokeTestMethods(Invoker.java:1131)
	at org.testng.internal.TestMethodWorker.invokeTestMethods(TestMethodWorker.java:124)
	at org.testng.internal.TestMethodWorker.run(TestMethodWorker.java:108)
	at org.testng.TestRunner.privateRun(TestRunner.java:773)
	at org.testng.TestRunner.run(TestRunner.java:623)
	at org.testng.SuiteRunner.runTest(SuiteRunner.java:357)
	at org.testng.SuiteRunner.runSequentially(SuiteRunner.java:352)
	at org.testng.SuiteRunner.privateRun(SuiteRunner.java:310)
	at org.testng.SuiteRunner.run(SuiteRunner.java:259)
	at org.testng.SuiteRunnerWorker.runSuite(SuiteRunnerWorker.java:52)
	at org.testng.SuiteRunnerWorker.run(SuiteRunnerWorker.java:86)
	at org.testng.TestNG.runSuitesSequentially(TestNG.java:1185)
	at org.testng.TestNG.runSuitesLocally(TestNG.java:1110)
	at org.testng.TestNG.run(TestNG.java:1018)
	at org.apache.maven.surefire.testng.TestNGExecutor.run(TestNGExecutor.java:77)
	at org.apache.maven.surefire.testng.TestNGDirectoryTestSuite.executeMulti(TestNGDirectoryTestSuite.java:159)
	at org.apache.maven.surefire.testng.TestNGDirectoryTestSuite.execute(TestNGDirectoryTestSuite.java:99)
	at org.apache.maven.surefire.testng.TestNGProvider.invoke(TestNGProvider.java:106)
	at sun.reflect.NativeMethodAccessorImpl.invoke0(Native Method)
	at sun.reflect.NativeMethodAccessorImpl.invoke(NativeMethodAccessorImpl.java:62)
	at sun.reflect.DelegatingMethodAccessorImpl.invoke(DelegatingMethodAccessorImpl.java:43)
	at java.lang.reflect.Method.invoke(Method.java:498)
	at org.apache.maven.surefire.util.ReflectionUtils.invokeMethodWithArray(ReflectionUtils.java:189)
	at org.apache.maven.surefire.booter.ProviderFactory$ProviderProxy.invoke(ProviderFactory.java:165)
	at org.apache.maven.surefire.booter.ProviderFactory.invokeProvider(ProviderFactory.java:85)
	at org.apache.maven.surefire.booter.ForkedBooter.runSuitesInProcess(ForkedBooter.java:115)
	at org.apache.maven.surefire.booter.ForkedBooter.main(ForkedBooter.java:75)
</failure>
    <system-out>Configuring TestNG with: org.apache.maven.surefire.testng.conf.TestNG652Configurator@4cc77c2e
</system-out>
  </testcase>
  <testcase classname="iPhone.AlertsTest" name="navigate" time="0.421">
    <skipped/>
  </testcase>
  <testcase classname="iPhone.AlertsTest" name="clickOnAlertPageShowCustomized" time="0">
    <skipped/>
  </testcase>
  <testcase classname="iPhone.AlertsTest" name="cleanUpApp" time="0.001">
    <skipped/>
  </testcase>
  <testcase classname="iPhone.AlertsTest" name="setUp" time="0.001">
    <skipped/>
  </testcase>
  <testcase classname="iPhone.AlertsTest" name="navigate" time="0.001">
    <skipped/>
  </testcase>
  <testcase classname="iPhone.AlertsTest" name="clickOnAlertPageShowOkCancel" time="0">
    <skipped/>
  </testcase>
  <testcase classname="iPhone.AlertsTest" name="cleanUpApp" time="0">
    <skipped/>
  </testcase>
  <testcase classname="iPhone.AlertsTest" name="setUp" time="0">
    <skipped/>
  </testcase>
  <testcase classname="iPhone.AlertsTest" name="navigate" time="0">
    <skipped/>
  </testcase>
  <testcase classname="iPhone.AlertsTest" name="clickOnAlertPageShowSimple" time="0">
    <skipped/>
  </testcase>
  <testcase classname="iPhone.AlertsTest" name="cleanUpApp" time="0">
    <skipped/>
  </testcase>
  <testcase classname="iPhone.AlertsTest" name="setUp" time="0.001">
    <skipped/>
  </testcase>
  <testcase classname="iPhone.AlertsTest" name="navigate" time="0.001">
    <skipped/>
  </testcase>
  <testcase classname="iPhone.AlertsTest" name="clickOnAlertViewShowOkSimple" time="0">
    <skipped/>
  </testcase>
  <testcase classname="iPhone.AlertsTest" name="cleanUpApp" time="0.001">
    <skipped/>
  </testcase>
  <testcase classname="iPhone.ButtonTest" name="setUp" time="0.001">
    <skipped/>
  </testcase>
  <testcase classname="iPhone.ButtonTest" name="navigate" time="0.002">
    <skipped/>
  </testcase>
  <testcase classname="iPhone.ButtonTest" name="clickOnImageButton" time="0">
    <skipped/>
  </testcase>
  <testcase classname="iPhone.ButtonTest" name="cleanUpApp" time="0">
    <skipped/>
  </testcase>
  <testcase classname="iPhone.ButtonTest" name="setUp" time="0.002">
    <skipped/>
  </testcase>
  <testcase classname="iPhone.ButtonTest" name="navigate" time="0.002">
    <skipped/>
  </testcase>
  <testcase classname="iPhone.ButtonTest" name="clickOnbuttonWithImage" time="0.001">
    <skipped/>
  </testcase>
  <testcase classname="iPhone.ButtonTest" name="cleanUpApp" time="0.001">
    <skipped/>
  </testcase>
  <testcase classname="iPhone.PickerTest" name="setUp" time="0.002">
    <skipped/>
  </testcase>
  <testcase classname="iPhone.PickerTest" name="testUIPicker" time="0">
    <skipped/>
  </testcase>
  <testcase classname="iPhone.PickerTest" name="cleanUpApp" time="0.001">
    <skipped/>
  </testcase>
  <testcase classname="iPhone.SegmentTest" name="setUp" time="0.001">
    <skipped/>
  </testcase>
  <testcase classname="iPhone.SegmentTest" name="navigate" time="0.001">
    <skipped/>
  </testcase>
  <testcase classname="iPhone.SegmentTest" name="cuISegementControlStyleBarClick" time="0">
    <skipped/>
  </testcase>
  <testcase classname="iPhone.SegmentTest" name="cleanUpApp" time="0">
    <skipped/>
  </testcase>
  <testcase classname="iPhone.SegmentTest" name="setUp" time="0.001">
    <skipped/>
  </testcase>
  <testcase classname="iPhone.SegmentTest" name="navigate" time="0.001">
    <skipped/>
  </testcase>
  <testcase classname="iPhone.SegmentTest" name="uISegementControlStyleBarImageClick" time="0">
    <skipped/>
  </testcase>
  <testcase classname="iPhone.SegmentTest" name="cleanUpApp" time="0.001">
    <skipped/>
  </testcase>
  <testcase classname="iPhone.SegmentTest" name="setUp" time="0.002">
    <skipped/>
  </testcase>
  <testcase classname="iPhone.SegmentTest" name="navigate" time="0.002">
    <skipped/>
  </testcase>
  <testcase classname="iPhone.SegmentTest" name="uISegementControlStyleBarTintClick" time="0">
    <skipped/>
  </testcase>
  <testcase classname="iPhone.SegmentTest" name="cleanUpApp" time="0">
    <skipped/>
  </testcase>
  <testcase classname="iPhone.SegmentTest" name="setUp" time="0.001">
    <skipped/>
  </testcase>
  <testcase classname="iPhone.SegmentTest" name="navigate" time="0.001">
    <skipped/>
  </testcase>
  <testcase classname="iPhone.SegmentTest" name="uISegementControlStyleBorderedClick" time="0">
    <skipped/>
  </testcase>
  <testcase classname="iPhone.SegmentTest" name="cleanUpApp" time="0">
    <skipped/>
  </testcase>
  <testcase classname="iPhone.SegmentTest" name="setUp" time="0.001">
    <skipped/>
  </testcase>
  <testcase classname="iPhone.SegmentTest" name="navigate" time="0.001">
    <skipped/>
  </testcase>
  <testcase classname="iPhone.SegmentTest" name="uISegementedControlButtonClick" time="0">
    <skipped/>
  </testcase>
  <testcase classname="iPhone.SegmentTest" name="cleanUpApp" time="0.001">
    <skipped/>
  </testcase>
  <testcase classname="iPhone.TextFieldsTest" name="setUp" time="0.002">
    <skipped/>
  </testcase>
  <testcase classname="iPhone.TextFieldsTest" name="navigate" time="0">
    <skipped/>
  </testcase>
  <testcase classname="iPhone.TextFieldsTest" name="cleanUpApp" time="0.001">
    <skipped/>
  </testcase>
</testsuite>