<?xml version="1.0" encoding="UTF-8"?>
<!-- Generated by org.testng.reporters.JUnitXMLReporter -->
<testsuite hostname="Papias-MacBook-Air.local" name="Command line test" tests="13" failures="0" timestamp="15 Oct 2018 23:36:32 GMT" time="0.058" errors="0">
  <testcase name="@BeforeMethod setUp" time="0.0" classname="iPhone.AlertsTest">
    <failure type="java.lang.NullPointerException">
      <![CDATA[java.lang.NullPointerException
	at common.Base.setUp(Base.java:45)
... Removed 36 stack frames]]>
    </failure>
  </testcase> <!-- @BeforeMethod setUp -->
  <testcase name="@BeforeMethod navigate" time="0.0" classname="iPhone.AlertsTest">
    <skipped/>
  </testcase> <!-- @BeforeMethod navigate -->
  <testcase name="@AfterMethod cleanUpApp" time="0.0" classname="iPhone.AlertsTest">
    <skipped/>
  </testcase> <!-- @AfterMethod cleanUpApp -->
  <testcase name="@BeforeMethod setUp" time="0.0" classname="iPhone.AlertsTest">
    <skipped/>
  </testcase> <!-- @BeforeMethod setUp -->
  <testcase name="@BeforeMethod navigate" time="0.0" classname="iPhone.AlertsTest">
    <skipped/>
  </testcase> <!-- @BeforeMethod navigate -->
  <testcase name="@AfterMethod cleanUpApp" time="0.0" classname="iPhone.AlertsTest">
    <skipped/>
  </testcase> <!-- @AfterMethod cleanUpApp -->
  <testcase name="@BeforeMethod setUp" time="0.0" classname="iPhone.AlertsTest">
    <skipped/>
  </testcase> <!-- @BeforeMethod setUp -->
  <testcase name="@BeforeMethod navigate" time="0.0" classname="iPhone.AlertsTest">
    <skipped/>
  </testcase> <!-- @BeforeMethod navigate -->
  <testcase name="@AfterMethod cleanUpApp" time="0.0" classname="iPhone.AlertsTest">
    <skipped/>
  </testcase> <!-- @AfterMethod cleanUpApp -->
  <testcase name="@BeforeMethod setUp" time="0.0" classname="iPhone.AlertsTest">
    <skipped/>
  </testcase> <!-- @BeforeMethod setUp -->
  <testcase name="@BeforeMethod navigate" time="0.0" classname="iPhone.AlertsTest">
    <skipped/>
  </testcase> <!-- @BeforeMethod navigate -->
  <testcase name="@AfterMethod cleanUpApp" time="0.0" classname="iPhone.AlertsTest">
    <skipped/>
  </testcase> <!-- @AfterMethod cleanUpApp -->
  <testcase name="@BeforeMethod setUp" time="0.0" classname="iPhone.ButtonTest">
    <skipped/>
  </testcase> <!-- @BeforeMethod setUp -->
  <testcase name="@BeforeMethod navigate" time="0.0" classname="iPhone.ButtonTest">
    <skipped/>
  </testcase> <!-- @BeforeMethod navigate -->
  <testcase name="@AfterMethod cleanUpApp" time="0.0" classname="iPhone.ButtonTest">
    <skipped/>
  </testcase> <!-- @AfterMethod cleanUpApp -->
  <testcase name="@BeforeMethod setUp" time="0.0" classname="iPhone.ButtonTest">
    <skipped/>
  </testcase> <!-- @BeforeMethod setUp -->
  <testcase name="@BeforeMethod navigate" time="0.0" classname="iPhone.ButtonTest">
    <skipped/>
  </testcase> <!-- @BeforeMethod navigate -->
  <testcase name="@AfterMethod cleanUpApp" time="0.0" classname="iPhone.ButtonTest">
    <skipped/>
  </testcase> <!-- @AfterMethod cleanUpApp -->
  <testcase name="@BeforeMethod setUp" time="0.0" classname="iPhone.PickerTest">
    <skipped/>
  </testcase> <!-- @BeforeMethod setUp -->
  <testcase name="@AfterMethod cleanUpApp" time="0.0" classname="iPhone.PickerTest">
    <skipped/>
  </testcase> <!-- @AfterMethod cleanUpApp -->
  <testcase name="@BeforeMethod setUp" time="0.0" classname="iPhone.SegmentTest">
    <skipped/>
  </testcase> <!-- @BeforeMethod setUp -->
  <testcase name="@BeforeMethod navigate" time="0.0" classname="iPhone.SegmentTest">
    <skipped/>
  </testcase> <!-- @BeforeMethod navigate -->
  <testcase name="@AfterMethod cleanUpApp" time="0.0" classname="iPhone.SegmentTest">
    <skipped/>
  </testcase> <!-- @AfterMethod cleanUpApp -->
  <testcase name="@BeforeMethod setUp" time="0.0" classname="iPhone.SegmentTest">
    <skipped/>
  </testcase> <!-- @BeforeMethod setUp -->
  <testcase name="@BeforeMethod navigate" time="0.0" classname="iPhone.SegmentTest">
    <skipped/>
  </testcase> <!-- @BeforeMethod navigate -->
  <testcase name="@AfterMethod cleanUpApp" time="0.0" classname="iPhone.SegmentTest">
    <skipped/>
  </testcase> <!-- @AfterMethod cleanUpApp -->
  <testcase name="@BeforeMethod setUp" time="0.0" classname="iPhone.SegmentTest">
    <skipped/>
  </testcase> <!-- @BeforeMethod setUp -->
  <testcase name="@BeforeMethod navigate" time="0.0" classname="iPhone.SegmentTest">
    <skipped/>
  </testcase> <!-- @BeforeMethod navigate -->
  <testcase name="@AfterMethod cleanUpApp" time="0.0" classname="iPhone.SegmentTest">
    <skipped/>
  </testcase> <!-- @AfterMethod cleanUpApp -->
  <testcase name="@BeforeMethod setUp" time="0.0" classname="iPhone.SegmentTest">
    <skipped/>
  </testcase> <!-- @BeforeMethod setUp -->
  <testcase name="@BeforeMethod navigate" time="0.0" classname="iPhone.SegmentTest">
    <skipped/>
  </testcase> <!-- @BeforeMethod navigate -->
  <testcase name="@AfterMethod cleanUpApp" time="0.0" classname="iPhone.SegmentTest">
    <skipped/>
  </testcase> <!-- @AfterMethod cleanUpApp -->
  <testcase name="@BeforeMethod setUp" time="0.0" classname="iPhone.SegmentTest">
    <skipped/>
  </testcase> <!-- @BeforeMethod setUp -->
  <testcase name="@BeforeMethod navigate" time="0.0" classname="iPhone.SegmentTest">
    <skipped/>
  </testcase> <!-- @BeforeMethod navigate -->
  <testcase name="@AfterMethod cleanUpApp" time="0.0" classname="iPhone.SegmentTest">
    <skipped/>
  </testcase> <!-- @AfterMethod cleanUpApp -->
  <testcase name="@BeforeMethod setUp" time="0.0" classname="iPhone.TextFieldsTest">
    <skipped/>
  </testcase> <!-- @BeforeMethod setUp -->
  <testcase name="@AfterMethod cleanUpApp" time="0.0" classname="iPhone.TextFieldsTest">
    <skipped/>
  </testcase> <!-- @AfterMethod cleanUpApp -->
  <testcase name="clickOnAlertPageShowCustomized" time="0.001" classname="iPhone.AlertsTest">
    <skipped/>
  </testcase> <!-- clickOnAlertPageShowCustomized -->
  <testcase name="clickOnAlertPageShowOkCancel" time="0.0" classname="iPhone.AlertsTest">
    <skipped/>
  </testcase> <!-- clickOnAlertPageShowOkCancel -->
  <testcase name="clickOnAlertPageShowSimple" time="0.0" classname="iPhone.AlertsTest">
    <skipped/>
  </testcase> <!-- clickOnAlertPageShowSimple -->
  <testcase name="clickOnAlertViewShowOkSimple" time="0.0" classname="iPhone.AlertsTest">
    <skipped/>
  </testcase> <!-- clickOnAlertViewShowOkSimple -->
  <testcase name="clickOnImageButton" time="0.0" classname="iPhone.ButtonTest">
    <skipped/>
  </testcase> <!-- clickOnImageButton -->
  <testcase name="clickOnbuttonWithImage" time="0.0" classname="iPhone.ButtonTest">
    <skipped/>
  </testcase> <!-- clickOnbuttonWithImage -->
  <testcase name="testUIPicker" time="0.0" classname="iPhone.PickerTest">
    <skipped/>
  </testcase> <!-- testUIPicker -->
  <testcase name="cuISegementControlStyleBarClick" time="0.001" classname="iPhone.SegmentTest">
    <skipped/>
  </testcase> <!-- cuISegementControlStyleBarClick -->
  <testcase name="uISegementControlStyleBarImageClick" time="0.0" classname="iPhone.SegmentTest">
    <skipped/>
  </testcase> <!-- uISegementControlStyleBarImageClick -->
  <testcase name="uISegementControlStyleBarTintClick" time="0.0" classname="iPhone.SegmentTest">
    <skipped/>
  </testcase> <!-- uISegementControlStyleBarTintClick -->
  <testcase name="uISegementControlStyleBorderedClick" time="0.0" classname="iPhone.SegmentTest">
    <skipped/>
  </testcase> <!-- uISegementControlStyleBorderedClick -->
  <testcase name="uISegementedControlButtonClick" time="0.0" classname="iPhone.SegmentTest">
    <skipped/>
  </testcase> <!-- uISegementedControlButtonClick -->
  <testcase name="navigate" time="0.002" classname="iPhone.TextFieldsTest">
    <skipped/>
  </testcase> <!-- navigate -->
</testsuite> <!-- Command line test -->
